0  -0.294080
1  0.000000
2  0.000000
3  0.000000
4  0.000000
5  0.000000
6  0.000000
7  0.000000
8  0.000000
9  0.000000
10  0.000000
11  0.000000
12  0.000000
13  0.000000
14  0.000000
15  0.000000
16  0.000000
17  0.000000
18  0.000000
19  0.000000
20  0.000000
21  0.000000
22  0.000000
23  0.000000
24  0.000000
25  0.000000
26  0.000000
27  0.000000
28  0.000000
29  0.000000
30  0.000000
31  0.000000
32  0.651285
33  0.000000
34  0.000000
35  0.000000
36  0.000000
37  0.000000
38  0.000000
39  0.000000
40  0.637793
41  0.000000
42  0.000000
43  0.000000
44  0.000000
45  0.000000
46  0.000000
47  0.000000
48  0.000000
49  0.000000
50  0.625966
51  0.000000
52  0.000000
53  0.000000
54  0.000000
55  0.000000
56  0.000000
57  0.000000
58  0.000000
59  0.000000
60  0.000000
61  0.000000
62  0.000000
63  0.000000
64  -0.411449
65  0.000000
66  0.000000
67  0.000000
68  0.000000
69  0.000000
70  0.000000
71  0.000000
72  -1.659576
73  0.000000
74  0.000000
75  0.000000
76  0.000000
77  0.000000
78  0.000000
79  0.000000
80  -0.424132
81  0.000000
82  -1.646405
83  0.000000
84  0.000000
85  0.000000
86  0.000000
87  0.000000
88  0.000000
89  0.000000
90  -1.631367
91  0.000000
92  0.000000
93  0.000000
94  0.000000
95  0.000000
96  0.259933
97  0.000000
98  0.000000
99  0.000000
100  -0.438176
101  0.000000
102  0.000000
103  0.000000
104  1.595662
105  0.000000
106  0.000000
107  0.000000
108  0.000000
109  0.000000
110  0.000000
111  0.000000
112  1.639507
113  0.000000
114  1.616148
115  0.000000
116  0.000000
117  0.000000
118  0.000000
119  0.000000
120  0.282048
121  0.000000
122  5.221860
123  0.000000
124  0.000000
125  0.000000
126  0.000000
127  0.000000
128  -0.164213
129  0.000000
130  1.678644
131  0.000000
132  1.706122
133  0.000000
134  0.000000
135  0.000000
136  -1.353769
137  0.000000
138  0.000000
139  0.000000
140  1.724731
141  0.000000
142  0.000000
143  0.000000
144  -2.794079
145  0.000000
146  -1.384910
147  0.000000
148  0.000000
149  0.000000
150  0.306723
151  0.000000
152  -1.446638
153  0.000000
154  -7.299257
155  0.000000
156  0.000000
157  0.000000
158  0.000000
159  0.000000
160  -0.083821
161  0.000000
162  -7.513689
163  0.000000
164  -2.937236
165  0.000000
166  0.000000
167  0.000000
168  1.073646
169  0.000000
170  -1.511166
171  0.000000
172  -7.735479
173  0.000000
174  0.000000
175  0.000000
176  3.335770
177  0.000000
178  1.104816
179  0.000000
180  -3.081398
181  0.000000
182  -1.581832
183  0.000000
184  3.460750
185  0.000000
186  8.106517
187  0.000000
188  0.000000
189  0.000000
190  -1.615254
191  0.000000
192  1.133460
193  0.000000
194  15.706258
195  0.000000
196  3.539745
197  0.000000
198  0.000000
199  0.000000
