0  -0.456530
1  0.000000
2  0.000000
3  0.000000
4  0.000000
5  0.000000
6  0.925681
7  0.000000
8  0.000000
9  0.000000
10  0.000000
11  0.000000
12  -0.784052
13  0.000000
14  0.000000
15  0.000000
16  0.000000
17  0.944428
18  0.664092
19  0.000000
20  0.000000
21  0.000000
22  0.000000
23  -2.510449
24  -0.562486
25  0.000000
26  0.000000
27  0.000000
28  0.000000
29  3.333790
30  0.476425
31  0.000000
32  0.000000
33  0.000000
34  -0.727210
35  -3.846421
36  -0.403532
37  0.000000
38  0.000000
39  0.000000
40  3.164939
41  4.124147
42  0.341792
43  0.000000
44  0.000000
45  0.000000
46  -6.885011
47  -4.226848
48  -0.289498
49  0.000000
50  0.971761
51  0.559951
52  10.967614
53  4.201580
54  0.245205
55  0.000000
56  -2.511735
57  -3.385561
58  -14.973760
59  -4.085097
60  -0.207688
61  0.000000
62  3.225112
63  10.233171
64  18.627174
65  3.905904
66  0.175912
67  -2.502425
68  -4.092561
69  -21.602894
70  -21.769140
71  -3.685916
72  -0.148997
73  8.711990
74  7.225955
75  36.980412
76  24.324215
77  3.441811
78  0.126201
79  -16.167822
80  -16.874950
81  -55.431068
82  -26.274416
83  -3.186118
84  2.838069
85  24.333790
86  38.166225
87  75.860809
88  27.639977
89  2.928098
90  -15.175046
91  -34.617638
92  -75.369408
93  -97.181366
94  -28.465172
95  -2.674448
96  40.623367
97  52.945133
98  131.043365
99  118.407928
100  28.127792
101  -0.621680
102  -79.044151
103  -91.120399
104  -205.901428
105  -138.710205
106  -25.822458
107  18.802092
108  130.439484
109  165.824188
110  298.994598
111  157.432236
112  22.093838
113  -71.428802
114  -199.905304
115  -295.979919
116  -408.049530
117  -171.292725
118  -14.900261
119  178.102371
120  304.489563
121  499.864563
122  529.857910
123  173.933350
124  -11.827643
125  -354.615448
126  -479.068970
127  -792.716553
128  -660.654541
129  -161.807129
130  100.438751
131  616.961182
132  778.609009
133  1185.090942
134  790.884888
135  132.635422
136  -321.832825
137  -993.604370
138  -1276.108643
139  -1681.987793
140  -897.380188
141  -68.529701
142  766.985046
143  1545.104980
144  2057.113770
145  2282.659912
146  947.984741
147  -96.987907
148  -1539.150024
149  -2386.447754
150  -3211.752197
151  -2972.944824
152  -910.687866
153  518.916138
154  2759.132812
155  3705.920166
156  4826.174805
157  3701.869141
158  742.683105
159  -1468.146973
160  -4593.123535
161  -5775.562500
162  -6975.948242
163  -4360.722168
164  -337.453583
165  3339.429932
166  7306.739258
167  8947.982422
168  9710.939453
169  4784.854980
170  -581.948242
171  -6653.045410
172  -11340.438477
173  -13639.840820
174  -13004.666992
175  -4758.358887
176  2608.673828
177  12077.743164
178  17394.291016
179  20312.095703
180  16662.626953
181  3965.116943
182  -6802.721680
183  -20507.630859
184  -26499.195312
185  -29438.310547
186  -20228.162109
187  -1813.735962
188  14822.157227
189  33219.394531
190  40052.312500
191  41408.257812
192  22917.673828
193  -2919.893555
194  -29045.341797
195  -52119.652344
196  -59822.656250
197  -56297.734375
198  -23541.179688
199  12637.581055
